\BOOKMARK [0][-]{chapter.1}{\376\377\000F\000u\000n\000d\000a\000m\000e\000n\000t\000\040\000n\000a\000s\000z\000e\000j\000\040\000w\000i\000a\000r\000y}{}% 1
\BOOKMARK [0][-]{chapter.2}{\376\377\000F\000u\000n\000d\000a\000m\000e\000n\000t\000a\000l\000n\000e\000\040\000z\000a\000s\000a\000d\000y}{}% 2
\BOOKMARK [0][-]{chapter.3}{\376\377\000\040\000K\000o\000n\000t\000e\000k\000s\000t\000\040\000H\000i\000s\000t\000o\000r\000y\000c\000z\000n\000y}{}% 3
\BOOKMARK [0][-]{chapter.4}{\376\377\000K\000o\000r\000e\000k\000t\000a\000\040\040\036\000T\000h\000e\000\040\000L\000i\000v\000i\000n\000g\000\040\000T\000e\000m\000p\000l\000e\040\035}{}% 4
\BOOKMARK [0][-]{chapter.5}{\376\377\001\101\000a\000t\000a\000n\000e\000\040\000t\000e\000o\000r\000i\000e\000\040\040\024\000\040\000L\000t\0002\0005\0003\000-\0001\0009\0000\0003}{}% 5
\BOOKMARK [0][-]{chapter.6}{\376\377\000B\000a\000d\000a\000n\000i\000e\000\040\000t\000e\000s\000t\000u}{}% 6
\BOOKMARK [0][-]{chapter.7}{\376\377\000A\000u\000t\000o\000r\000y\000t\000e\000t\000\040\000F\000u\000n\000d\000a\000m\000e\000n\000t\000a\000l\000n\000y\000c\000h\000\040\000Z\000a\000s\000a\000d}{}% 7
\BOOKMARK [0][-]{chapter.8}{\376\377\000K\000o\000n\000s\000t\000r\000u\000k\000t\000y\000w\000n\000a\000\040\000k\000r\000y\000t\000y\000k\000a}{}% 8
\BOOKMARK [0][-]{chapter.9}{\376\377\000W\001\102\000a\001\133\000c\000i\000w\000e\000\040\000r\000o\000z\000w\000i\001\005\000z\000a\000n\000i\000e}{}% 9
\BOOKMARK [0][-]{chapter.10}{\376\377\000C\000z\000y\000\040\000B\000\363\000g\000\040\000j\000e\000s\000t\000\040\000o\000s\000o\000b\001\005\000?\000\040\040\024\000\040\000J\000o\000h\000n\000\040\000N\000.\000\040\000L\000o\000u\000g\000h\000b\000o\000r\000o\000u\000g\000h}{}% 10
\BOOKMARK [0][-]{chapter.11}{\376\377\000O\000s\000o\000b\000o\000w\000o\001\133\001\007\000\040\000B\000o\000g\000a\000\040\040\024\000\040\000J\000a\000m\000e\000s\000\040\000S\000.\000\040\000W\000h\000i\000t\000e}{}% 11
\BOOKMARK [0][-]{chapter.12}{\376\377\000R\000z\000e\000c\000z\000y\000w\000i\000s\000t\000o\001\133\001\007\000\040\000n\000i\000e\000b\000a}{}% 12
\BOOKMARK [0][-]{chapter.13}{\376\377\000B\000\363\000g\000\040\000s\000z\000a\000b\000a\000t\000u\000\040\000a\000\040\000B\000\363\000g\000\040\000n\000i\000e\000d\000z\000i\000e\000l\000i\000\040\040\024\000\040\000J\000.\000\040\000B\000.\000\040\000F\000r\000i\000s\000b\000i\000e}{}% 13
\BOOKMARK [0][-]{chapter.14}{\376\377\000P\000i\000o\000n\000i\000e\000r\000z\000y\000\040\000a\000d\000w\000e\000n\000t\000y\000z\000m\000u\000\040\000i\000\040\000d\000o\000k\000t\000r\000y\000n\000a\000\040\000o\000\040\000T\000r\000\363\000j\000c\000y}{}% 14
\BOOKMARK [0][-]{chapter.15}{\376\377\000D\000r\000\040\000K\000e\000l\000l\000o\000g\000g\000\040\000i\000\040\000d\000o\000k\000t\000r\000y\000n\000a\000\040\000o\000\040\000T\000r\000\363\000j\000c\000y}{}% 15
\BOOKMARK [0][-]{chapter.16}{\376\377\000D\000r\000\040\000K\000e\000l\000l\000o\000g\000g\000\040\000i\000\040\000p\000a\000n\000t\000e\000i\000z\000m}{}% 16
\BOOKMARK [0][-]{chapter.17}{\376\377\000O\000d\000p\000o\000w\000i\000e\000d\001\172\000\040\000n\000a\000\040\000t\000r\000y\000n\000i\000t\000a\000r\000n\000e\000\040\000p\000o\000g\000l\001\005\000d\000y\000\040\000K\000e\000l\000l\000o\000g\000g\000a}{}% 17
\BOOKMARK [0][-]{chapter.18}{\376\377\000T\000h\000e\000\040\000H\000e\000a\000v\000e\000n\000l\000y\000\040\000T\000r\000i\000o}{}% 18
\BOOKMARK [0][-]{chapter.19}{\376\377\000N\000i\000e\000b\000i\000a\001\104\000s\000k\000i\000e\000\040\000T\000r\000i\000o}{}% 19
\BOOKMARK [0][-]{chapter.20}{\376\377\000E\000l\000l\000e\000n\000\040\000W\000h\000i\000t\000e\000\040\000a\000n\000d\000\040\000M\000a\000t\000t\000h\000e\000w\000\040\0002\0008\000:\0001\0009}{}% 20
\BOOKMARK [0][-]{chapter.21}{\376\377\000E\000l\000l\000e\000n\000\040\000W\000h\000i\000t\000e\000\040\000i\000\040\000M\000a\000t\000e\000u\000s\000z\000\040\0002\0008\000:\0001\0009}{}% 21
\BOOKMARK [0][-]{chapter.22}{\376\377\000D\000r\000.\000\040\000K\000e\000l\000l\000o\000g\000g\000\040\000a\000n\000d\000\040\000E\000l\000l\000e\000n\000\040\000W\000h\000i\000t\000e\000\040\000w\000r\000i\000t\000i\000n\000g\000s}{}% 22
\BOOKMARK [0][-]{chapter.23}{\376\377\000D\000r\000.\000\040\000K\000e\000l\000l\000o\000g\000g\000\040\000i\000\040\000p\000i\000s\000m\000a\000\040\000E\000l\000l\000e\000n\000\040\000W\000h\000i\000t\000e}{}% 23
\BOOKMARK [0][-]{chapter.24}{\376\377\000R\000e\000m\000e\000m\000b\000e\000r\000i\000n\000g\000\040\000t\000h\000e\000\040\000b\000e\000g\000i\000n\000n\000i\000n\000g}{}% 24
\BOOKMARK [0][-]{chapter.25}{\376\377\000P\000a\000m\000i\001\031\000t\000a\000j\001\005\000c\000\040\000p\000o\000c\000z\001\005\000t\000e\000k}{}% 25
\BOOKMARK [0][-]{chapter.26}{\376\377\000T\000h\000e\000\040\000b\000o\000t\000t\000o\000m\000\040\000o\000f\000\040\000t\000h\000e\000\040\000i\000s\000s\000u\000e}{}% 26
\BOOKMARK [0][-]{chapter.27}{\376\377\000S\000e\000d\000n\000o\000\040\000s\000p\000r\000a\000w\000y}{}% 27
\BOOKMARK [0][-]{chapter.28}{\376\377\000T\000h\000e\000\040\000g\000r\000e\000a\000t\000\040\000a\000p\000o\000s\000t\000a\000s\000y\000\040\000i\000s\000\040\000s\000o\000o\000n\000\040\000t\000o\000\040\000b\000e\000\040\000r\000e\000a\000l\000i\000z\000e\000d}{}% 28
\BOOKMARK [0][-]{chapter.29}{\376\377\000W\000i\000e\000l\000k\000i\000e\000\040\000o\000d\000s\000t\001\031\000p\000s\000t\000w\000o\000\040\000w\000k\000r\000\363\000t\000c\000e\000\040\000s\000i\001\031\000\040\000u\000r\000z\000e\000c\000z\000y\000w\000i\000s\000t\000n\000i}{}% 29
\BOOKMARK [0][-]{chapter.30}{\376\377\000T\000h\000e\000\040\000f\000u\000t\000u\000r\000e\000\040\000o\000f\000\040\000t\000h\000e\000\040\000F\000u\000n\000d\000a\000m\000e\000n\000t\000a\000l\000\040\000P\000r\000i\000n\000c\000i\000p\000l\000e\000s}{}% 30
\BOOKMARK [0][-]{chapter.31}{\376\377\000P\000r\000z\000y\000s\000z\001\102\000o\001\133\001\007\000\040\000F\000u\000n\000d\000a\000m\000e\000n\000t\000a\000l\000n\000y\000c\000h\000\040\000Z\000a\000s\000a\000d}{}% 31
\BOOKMARK [0][-]{chapter.32}{\376\377\000S\000e\000t\000t\000i\000n\000g\000\040\000u\000p\000\040\000t\000h\000e\000\040\000w\000r\000o\000n\000g\000\040\000F\000u\000n\000d\000a\000m\000e\000n\000t\000a\000l\000\040\000P\000r\000i\000n\000c\000i\000p\000l\000e\000s}{}% 32
\BOOKMARK [0][-]{chapter.33}{\376\377\000U\000s\000t\000a\000n\000a\000w\000i\000a\000n\000i\000e\000\040\000n\000i\000e\000w\001\102\000a\001\133\000c\000i\000w\000y\000c\000h\000\040\000F\000u\000n\000d\000a\000m\000e\000n\000t\000a\000l\000n\000y\000c\000h\000\040\000Z\000a\000s\000a\000d}{}% 33
\BOOKMARK [0][-]{chapter.34}{\376\377\000T\000h\000e\000\040\000s\000t\000e\000p\000s\000\040\000t\000o\000\040\000O\000m\000e\000g\000a}{}% 34
\BOOKMARK [0][-]{chapter.35}{\376\377\000K\000r\000o\000k\000i\000\040\000d\000o\000\040\000O\000m\000e\000g\000i}{}% 35
\BOOKMARK [0][-]{chapter.36}{\376\377\000S\000t\000e\000p\000s\000\040\000t\000o\000\040\000a\000p\000o\000s\000t\000a\000s\000y}{}% 36
\BOOKMARK [0][-]{chapter.37}{\376\377\000K\000r\000o\000k\000i\000\040\000d\000o\000\040\000a\000p\000o\000s\000t\000a\000z\000j\000i}{}% 37
\BOOKMARK [0][-]{chapter.38}{\376\377\000T\000h\000e\000\040\000p\000r\000o\000p\000h\000e\000t\000i\000c\000\040\000c\000a\000l\000l\000\040\000f\000o\000r\000\040\000a\000\040\000r\000e\000n\000e\000w\000a\000l\000\040\000o\000f\000\040\000t\000h\000e\000\040\000o\000l\000d\000\040\000p\000i\000l\000l\000a\000r\000s}{}% 38
\BOOKMARK [0][-]{chapter.39}{\376\377\000P\000r\000o\000r\000o\000c\000z\000e\000\040\000w\000e\000z\000w\000a\000n\000i\000e\000\040\000d\000o\000\040\000o\000d\000n\000o\000w\000i\000e\000n\000i\000a\000\040\000s\000t\000a\000r\000y\000c\000h\000\040\000f\000i\000l\000a\000r\000\363\000w}{}% 39
\BOOKMARK [0][-]{chapter.40}{\376\377\000R\000e\000m\000e\000m\000b\000e\000r\000i\000n\000g\000\040\000H\000i\000s\000\040\000t\000e\000a\000c\000h\000i\000n\000g\000\040\000i\000n\000\040\000o\000u\000r\000\040\000p\000a\000s\000t\000\040\000h\000i\000s\000t\000o\000r\000y}{}% 40
\BOOKMARK [0][-]{chapter.41}{\376\377\000P\000a\000m\000i\001\031\000t\000a\000j\001\005\000c\000\040\000J\000e\000g\000o\000\040\000n\000a\000u\000c\000z\000a\000n\000i\000e\000\040\000w\000\040\000n\000a\000s\000z\000e\000j\000\040\000p\000r\000z\000e\000s\000z\001\102\000e\000j\000\040\000h\000i\000s\000t\000o\000r\000i\000i}{}% 41
\BOOKMARK [0][-]{chapter.42}{\376\377\000T\000h\000e\000\040\000f\000i\000n\000a\000l\000\040\000c\000a\000l\000l}{}% 42
\BOOKMARK [0][-]{chapter.43}{\376\377\000O\000s\000t\000a\000t\000e\000c\000z\000n\000e\000\040\000w\000e\000z\000w\000a\000n\000i\000e}{}% 43
